c:\users\devante ayris\source\repos\consoleapplication1\consoleapplication1\crypto++\x64\cryptdll\debug\cryptopp.pch
c:\users\devante ayris\source\repos\consoleapplication1\consoleapplication1\crypto++\x64\cryptdll\debug\vc141.pdb
c:\users\devante ayris\source\repos\consoleapplication1\consoleapplication1\crypto++\x64\cryptdll\debug\pch.obj
c:\users\devante ayris\source\repos\consoleapplication1\consoleapplication1\crypto++\x64\cryptdll\debug\iterhash.obj
c:\users\devante ayris\source\repos\consoleapplication1\consoleapplication1\crypto++\x64\cryptdll\debug\dll.obj
c:\users\devante ayris\source\repos\consoleapplication1\consoleapplication1\crypto++\x64\cryptdll\debug\eprecomp.obj
c:\users\devante ayris\source\repos\consoleapplication1\consoleapplication1\crypto++\x64\cryptdll\debug\emsa2.obj
c:\users\devante ayris\source\repos\consoleapplication1\consoleapplication1\crypto++\x64\cryptdll\debug\ecp.obj
c:\users\devante ayris\source\repos\consoleapplication1\consoleapplication1\crypto++\x64\cryptdll\debug\eccrypto.obj
c:\users\devante ayris\source\repos\consoleapplication1\consoleapplication1\crypto++\x64\cryptdll\debug\ec2n.obj
c:\users\devante ayris\source\repos\consoleapplication1\consoleapplication1\crypto++\x64\cryptdll\debug\dsa.obj
c:\users\devante ayris\source\repos\consoleapplication1\consoleapplication1\crypto++\x64\cryptdll\debug\dh.obj
c:\users\devante ayris\source\repos\consoleapplication1\consoleapplication1\crypto++\x64\cryptdll\debug\dessp.obj
c:\users\devante ayris\source\repos\consoleapplication1\consoleapplication1\crypto++\x64\cryptdll\debug\des.obj
c:\users\devante ayris\source\repos\consoleapplication1\consoleapplication1\crypto++\x64\cryptdll\debug\cryptlib.obj
c:\users\devante ayris\source\repos\consoleapplication1\consoleapplication1\crypto++\x64\cryptdll\debug\cpu.obj
c:\users\devante ayris\source\repos\consoleapplication1\consoleapplication1\crypto++\x64\cryptdll\debug\cmac.obj
c:\users\devante ayris\source\repos\consoleapplication1\consoleapplication1\crypto++\x64\cryptdll\debug\channels.obj
c:\users\devante ayris\source\repos\consoleapplication1\consoleapplication1\crypto++\x64\cryptdll\debug\ccm.obj
c:\users\devante ayris\source\repos\consoleapplication1\consoleapplication1\crypto++\x64\cryptdll\debug\cbcmac.obj
c:\users\devante ayris\source\repos\consoleapplication1\consoleapplication1\crypto++\x64\cryptdll\debug\basecode.obj
c:\users\devante ayris\source\repos\consoleapplication1\consoleapplication1\crypto++\x64\cryptdll\debug\authenc.obj
c:\users\devante ayris\source\repos\consoleapplication1\consoleapplication1\crypto++\x64\cryptdll\debug\asn.obj
c:\users\devante ayris\source\repos\consoleapplication1\consoleapplication1\crypto++\x64\cryptdll\debug\algparam.obj
c:\users\devante ayris\source\repos\consoleapplication1\consoleapplication1\crypto++\x64\cryptdll\debug\algebra.obj
c:\users\devante ayris\source\repos\consoleapplication1\consoleapplication1\crypto++\x64\cryptdll\debug\pssr.obj
c:\users\devante ayris\source\repos\consoleapplication1\consoleapplication1\crypto++\x64\cryptdll\debug\pkcspad.obj
c:\users\devante ayris\source\repos\consoleapplication1\consoleapplication1\crypto++\x64\cryptdll\debug\osrng.obj
c:\users\devante ayris\source\repos\consoleapplication1\consoleapplication1\crypto++\x64\cryptdll\debug\oaep.obj
c:\users\devante ayris\source\repos\consoleapplication1\consoleapplication1\crypto++\x64\cryptdll\debug\nbtheory.obj
c:\users\devante ayris\source\repos\consoleapplication1\consoleapplication1\crypto++\x64\cryptdll\debug\mqueue.obj
c:\users\devante ayris\source\repos\consoleapplication1\consoleapplication1\crypto++\x64\cryptdll\debug\modes.obj
c:\users\devante ayris\source\repos\consoleapplication1\consoleapplication1\crypto++\x64\cryptdll\debug\misc.obj
c:\users\devante ayris\source\repos\consoleapplication1\consoleapplication1\crypto++\x64\cryptdll\debug\integer.obj
c:\users\devante ayris\source\repos\consoleapplication1\consoleapplication1\crypto++\x64\cryptdll\debug\hrtimer.obj
c:\users\devante ayris\source\repos\consoleapplication1\consoleapplication1\crypto++\x64\cryptdll\debug\hmac.obj
c:\users\devante ayris\source\repos\consoleapplication1\consoleapplication1\crypto++\x64\cryptdll\debug\hex.obj
c:\users\devante ayris\source\repos\consoleapplication1\consoleapplication1\crypto++\x64\cryptdll\debug\gfpcrypt.obj
c:\users\devante ayris\source\repos\consoleapplication1\consoleapplication1\crypto++\x64\cryptdll\debug\gf2n.obj
c:\users\devante ayris\source\repos\consoleapplication1\consoleapplication1\crypto++\x64\cryptdll\debug\gcm_simd.obj
c:\users\devante ayris\source\repos\consoleapplication1\consoleapplication1\crypto++\x64\cryptdll\debug\gcm.obj
c:\users\devante ayris\source\repos\consoleapplication1\consoleapplication1\crypto++\x64\cryptdll\debug\fipstest.obj
c:\users\devante ayris\source\repos\consoleapplication1\consoleapplication1\crypto++\x64\cryptdll\debug\fips140.obj
c:\users\devante ayris\source\repos\consoleapplication1\consoleapplication1\crypto++\x64\cryptdll\debug\filters.obj
c:\users\devante ayris\source\repos\consoleapplication1\consoleapplication1\crypto++\x64\cryptdll\debug\files.obj
c:\users\devante ayris\source\repos\consoleapplication1\consoleapplication1\crypto++\x64\cryptdll\debug\strciphr.obj
c:\users\devante ayris\source\repos\consoleapplication1\consoleapplication1\crypto++\x64\cryptdll\debug\sse_simd.obj
c:\users\devante ayris\source\repos\consoleapplication1\consoleapplication1\crypto++\x64\cryptdll\debug\skipjack.obj
c:\users\devante ayris\source\repos\consoleapplication1\consoleapplication1\crypto++\x64\cryptdll\debug\simple.obj
c:\users\devante ayris\source\repos\consoleapplication1\consoleapplication1\crypto++\x64\cryptdll\debug\sha_simd.obj
c:\users\devante ayris\source\repos\consoleapplication1\consoleapplication1\crypto++\x64\cryptdll\debug\sha.obj
c:\users\devante ayris\source\repos\consoleapplication1\consoleapplication1\crypto++\x64\cryptdll\debug\rw.obj
c:\users\devante ayris\source\repos\consoleapplication1\consoleapplication1\crypto++\x64\cryptdll\debug\rsa.obj
c:\users\devante ayris\source\repos\consoleapplication1\consoleapplication1\crypto++\x64\cryptdll\debug\rng.obj
c:\users\devante ayris\source\repos\consoleapplication1\consoleapplication1\crypto++\x64\cryptdll\debug\rijndael_simd.obj
c:\users\devante ayris\source\repos\consoleapplication1\consoleapplication1\crypto++\x64\cryptdll\debug\rijndael.obj
c:\users\devante ayris\source\repos\consoleapplication1\consoleapplication1\crypto++\x64\cryptdll\debug\rdtables.obj
c:\users\devante ayris\source\repos\consoleapplication1\consoleapplication1\crypto++\x64\cryptdll\debug\randpool.obj
c:\users\devante ayris\source\repos\consoleapplication1\consoleapplication1\crypto++\x64\cryptdll\debug\queue.obj
c:\users\devante ayris\source\repos\consoleapplication1\consoleapplication1\crypto++\x64\cryptdll\debug\pubkey.obj
c:\users\devante ayris\source\repos\consoleapplication1\consoleapplication1\crypto++\x64\cryptdll\debug\x64dll.obj
c:\users\devante ayris\source\repos\consoleapplication1\consoleapplication1\crypto++\x64\cryptdll\debug\cryptopp.res
c:\users\devante ayris\source\repos\consoleapplication1\consoleapplication1\crypto++\x64\cryptdll\debug\cryptdll.tlog\cl.command.1.tlog
c:\users\devante ayris\source\repos\consoleapplication1\consoleapplication1\crypto++\x64\cryptdll\debug\cryptdll.tlog\cl.read.1.tlog
c:\users\devante ayris\source\repos\consoleapplication1\consoleapplication1\crypto++\x64\cryptdll\debug\cryptdll.tlog\cl.write.1.tlog
c:\users\devante ayris\source\repos\consoleapplication1\consoleapplication1\crypto++\x64\cryptdll\debug\cryptdll.tlog\custombuild.command.1.tlog
c:\users\devante ayris\source\repos\consoleapplication1\consoleapplication1\crypto++\x64\cryptdll\debug\cryptdll.tlog\custombuild.read.1.tlog
c:\users\devante ayris\source\repos\consoleapplication1\consoleapplication1\crypto++\x64\cryptdll\debug\cryptdll.tlog\custombuild.write.1.tlog
c:\users\devante ayris\source\repos\consoleapplication1\consoleapplication1\crypto++\x64\cryptdll\debug\cryptdll.tlog\link-cvtres.read.1.tlog
c:\users\devante ayris\source\repos\consoleapplication1\consoleapplication1\crypto++\x64\cryptdll\debug\cryptdll.tlog\link-cvtres.write.1.tlog
c:\users\devante ayris\source\repos\consoleapplication1\consoleapplication1\crypto++\x64\cryptdll\debug\cryptdll.tlog\link-rc.read.1.tlog
c:\users\devante ayris\source\repos\consoleapplication1\consoleapplication1\crypto++\x64\cryptdll\debug\cryptdll.tlog\link-rc.write.1.tlog
c:\users\devante ayris\source\repos\consoleapplication1\consoleapplication1\crypto++\x64\cryptdll\debug\cryptdll.tlog\link.command.1.tlog
c:\users\devante ayris\source\repos\consoleapplication1\consoleapplication1\crypto++\x64\cryptdll\debug\cryptdll.tlog\link.read.1.tlog
c:\users\devante ayris\source\repos\consoleapplication1\consoleapplication1\crypto++\x64\cryptdll\debug\cryptdll.tlog\link.write.1.tlog
c:\users\devante ayris\source\repos\consoleapplication1\consoleapplication1\crypto++\x64\cryptdll\debug\cryptdll.tlog\rc.command.1.tlog
c:\users\devante ayris\source\repos\consoleapplication1\consoleapplication1\crypto++\x64\cryptdll\debug\cryptdll.tlog\rc.read.1.tlog
c:\users\devante ayris\source\repos\consoleapplication1\consoleapplication1\crypto++\x64\cryptdll\debug\cryptdll.tlog\rc.write.1.tlog
