  ConsoleApplication1.cpp
ConsoleApplication1.obj : error LNK2001: unresolved external symbol "void __cdecl CryptoPP::BERDecodeNull(class CryptoPP::BufferedTransformation &)" (?BERDecodeNull@CryptoPP@@YAXAEAVBufferedTransformation@1@@Z)
ConsoleApplication1.obj : error LNK2001: unresolved external symbol "public: virtual void __cdecl CryptoPP::PKCS8PrivateKey::DEREncodeOptionalAttributes(class CryptoPP::BufferedTransformation &)const " (?DEREncodeOptionalAttributes@PKCS8PrivateKey@CryptoPP@@UEBAXAEAVBufferedTransformation@2@@Z)
ConsoleApplication1.obj : error LNK2001: unresolved external symbol "public: virtual void __cdecl CryptoPP::PKCS8PrivateKey::BERDecodeOptionalAttributes(class CryptoPP::BufferedTransformation &)" (?BERDecodeOptionalAttributes@PKCS8PrivateKey@CryptoPP@@UEAAXAEAVBufferedTransformation@2@@Z)
ConsoleApplication1.obj : error LNK2001: unresolved external symbol "public: virtual void __cdecl CryptoPP::PKCS8PrivateKey::DEREncode(class CryptoPP::BufferedTransformation &)const " (?DEREncode@PKCS8PrivateKey@CryptoPP@@UEBAXAEAVBufferedTransformation@2@@Z)
ConsoleApplication1.obj : error LNK2001: unresolved external symbol "public: virtual void __cdecl CryptoPP::PKCS8PrivateKey::BERDecode(class CryptoPP::BufferedTransformation &)" (?BERDecode@PKCS8PrivateKey@CryptoPP@@UEAAXAEAVBufferedTransformation@2@@Z)
ConsoleApplication1.obj : error LNK2001: unresolved external symbol "public: __cdecl CryptoPP::Algorithm::Algorithm(bool)" (??0Algorithm@CryptoPP@@QEAA@_N@Z)
ConsoleApplication1.obj : error LNK2001: unresolved external symbol "public: virtual void __cdecl CryptoPP::Base64Encoder::IsolatedInitialize(class CryptoPP::NameValuePairs const &)" (?IsolatedInitialize@Base64Encoder@CryptoPP@@UEAAXAEBVNameValuePairs@2@@Z)
ConsoleApplication1.obj : error LNK2001: unresolved external symbol "public: virtual void __cdecl CryptoPP::RandomNumberGenerator::DiscardBytes(unsigned __int64)" (?DiscardBytes@RandomNumberGenerator@CryptoPP@@UEAAX_K@Z)
ConsoleApplication1.obj : error LNK2001: unresolved external symbol "public: virtual void __cdecl CryptoPP::RandomNumberGenerator::GenerateBlock(unsigned char *,unsigned __int64)" (?GenerateBlock@RandomNumberGenerator@CryptoPP@@UEAAXPEAE_K@Z)
ConsoleApplication1.obj : error LNK2001: unresolved external symbol "public: virtual unsigned int __cdecl CryptoPP::RandomNumberGenerator::GenerateWord32(unsigned int,unsigned int)" (?GenerateWord32@RandomNumberGenerator@CryptoPP@@UEAAIII@Z)
ConsoleApplication1.obj : error LNK2001: unresolved external symbol "public: virtual unsigned int __cdecl CryptoPP::RandomNumberGenerator::GenerateBit(void)" (?GenerateBit@RandomNumberGenerator@CryptoPP@@UEAAIXZ)
ConsoleApplication1.obj : error LNK2001: unresolved external symbol "public: virtual unsigned char __cdecl CryptoPP::RandomNumberGenerator::GenerateByte(void)" (?GenerateByte@RandomNumberGenerator@CryptoPP@@UEAAEXZ)
ConsoleApplication1.obj : error LNK2001: unresolved external symbol "public: class CryptoPP::Integer & __cdecl CryptoPP::Integer::operator--(void)" (??FInteger@CryptoPP@@QEAAAEAV01@XZ)
ConsoleApplication1.obj : error LNK2001: unresolved external symbol "public: __cdecl CryptoPP::Integer::Integer(void)" (??0Integer@CryptoPP@@QEAA@XZ)
ConsoleApplication1.obj : error LNK2001: unresolved external symbol "public: __cdecl CryptoPP::Integer::Integer(class CryptoPP::Integer const &)" (??0Integer@CryptoPP@@QEAA@AEBV01@@Z)
ConsoleApplication1.obj : error LNK2001: unresolved external symbol "public: __cdecl CryptoPP::Integer::Integer(long)" (??0Integer@CryptoPP@@QEAA@J@Z)
ConsoleApplication1.obj : error LNK2001: unresolved external symbol "void __cdecl CryptoPP::DEREncodeNull(class CryptoPP::BufferedTransformation &)" (?DEREncodeNull@CryptoPP@@YAXAEAVBufferedTransformation@1@@Z)
ConsoleApplication1.obj : error LNK2001: unresolved external symbol "public: virtual class CryptoPP::Integer __cdecl CryptoPP::RSAFunction::ApplyFunction(class CryptoPP::Integer const &)const " (?ApplyFunction@RSAFunction@CryptoPP@@UEBA?AVInteger@2@AEBV32@@Z)
ConsoleApplication1.obj : error LNK2001: unresolved external symbol "public: virtual void __cdecl CryptoPP::RSAFunction::AssignFrom(class CryptoPP::NameValuePairs const &)" (?AssignFrom@RSAFunction@CryptoPP@@UEAAXAEBVNameValuePairs@2@@Z)
ConsoleApplication1.obj : error LNK2001: unresolved external symbol "public: virtual bool __cdecl CryptoPP::RSAFunction::GetVoidValue(char const *,class type_info const &,void *)const " (?GetVoidValue@RSAFunction@CryptoPP@@UEBA_NPEBDAEBVtype_info@@PEAX@Z)
ConsoleApplication1.obj : error LNK2001: unresolved external symbol "public: virtual bool __cdecl CryptoPP::RSAFunction::Validate(class CryptoPP::RandomNumberGenerator &,unsigned int)const " (?Validate@RSAFunction@CryptoPP@@UEBA_NAEAVRandomNumberGenerator@2@I@Z)
ConsoleApplication1.obj : error LNK2001: unresolved external symbol "public: virtual void __cdecl CryptoPP::RSAFunction::DEREncodePublicKey(class CryptoPP::BufferedTransformation &)const " (?DEREncodePublicKey@RSAFunction@CryptoPP@@UEBAXAEAVBufferedTransformation@2@@Z)
ConsoleApplication1.obj : error LNK2001: unresolved external symbol "public: virtual void __cdecl CryptoPP::RSAFunction::BERDecodePublicKey(class CryptoPP::BufferedTransformation &,bool,unsigned __int64)" (?BERDecodePublicKey@RSAFunction@CryptoPP@@UEAAXAEAVBufferedTransformation@2@_N_K@Z)
ConsoleApplication1.obj : error LNK2001: unresolved external symbol "public: virtual class CryptoPP::OID __cdecl CryptoPP::RSAFunction::GetAlgorithmID(void)const " (?GetAlgorithmID@RSAFunction@CryptoPP@@UEBA?AVOID@2@XZ)
ConsoleApplication1.obj : error LNK2001: unresolved external symbol "public: __cdecl CryptoPP::AlgorithmParameters::AlgorithmParameters(void)" (??0AlgorithmParameters@CryptoPP@@QEAA@XZ)
ConsoleApplication1.obj : error LNK2001: unresolved external symbol "public: __cdecl CryptoPP::AlgorithmParameters::AlgorithmParameters(class CryptoPP::AlgorithmParameters const &)" (??0AlgorithmParameters@CryptoPP@@QEAA@AEBV01@@Z)
ConsoleApplication1.obj : error LNK2001: unresolved external symbol "public: void __cdecl CryptoPP::AutoSeededRandomPool::Reseed(bool,unsigned int)" (?Reseed@AutoSeededRandomPool@CryptoPP@@QEAAX_NI@Z)
ConsoleApplication1.obj : error LNK2001: unresolved external symbol "public: virtual void __cdecl CryptoPP::BufferedTransformation::Attach(class CryptoPP::BufferedTransformation *)" (?Attach@BufferedTransformation@CryptoPP@@UEAAXPEAV12@@Z)
ConsoleApplication1.obj : error LNK2001: unresolved external symbol "public: virtual void __cdecl CryptoPP::BufferedTransformation::SetRetrievalChannel(class std::basic_string<char,struct std::char_traits<char>,class std::allocator<char> > const &)" (?SetRetrievalChannel@BufferedTransformation@CryptoPP@@UEAAXAEBV?$basic_string@DU?$char_traits@D@std@@V?$allocator@D@2@@std@@@Z)
ConsoleApplication1.obj : error LNK2001: unresolved external symbol "public: virtual bool __cdecl CryptoPP::BufferedTransformation::ChannelMessageSeriesEnd(class std::basic_string<char,struct std::char_traits<char>,class std::allocator<char> > const &,int,bool)" (?ChannelMessageSeriesEnd@BufferedTransformation@CryptoPP@@UEAA_NAEBV?$basic_string@DU?$char_traits@D@std@@V?$allocator@D@2@@std@@H_N@Z)
ConsoleApplication1.obj : error LNK2001: unresolved external symbol "public: virtual bool __cdecl CryptoPP::BufferedTransformation::ChannelFlush(class std::basic_string<char,struct std::char_traits<char>,class std::allocator<char> > const &,bool,int,bool)" (?ChannelFlush@BufferedTransformation@CryptoPP@@UEAA_NAEBV?$basic_string@DU?$char_traits@D@std@@V?$allocator@D@2@@std@@_NH1@Z)
ConsoleApplication1.obj : error LNK2001: unresolved external symbol "public: virtual unsigned __int64 __cdecl CryptoPP::BufferedTransformation::ChannelPutModifiable2(class std::basic_string<char,struct std::char_traits<char>,class std::allocator<char> > const &,unsigned char *,unsigned __int64,int,bool)" (?ChannelPutModifiable2@BufferedTransformation@CryptoPP@@UEAA_KAEBV?$basic_string@DU?$char_traits@D@std@@V?$allocator@D@2@@std@@PEAE_KH_N@Z)
ConsoleApplication1.obj : error LNK2001: unresolved external symbol "public: virtual unsigned __int64 __cdecl CryptoPP::BufferedTransformation::ChannelPut2(class std::basic_string<char,struct std::char_traits<char>,class std::allocator<char> > const &,unsigned char const *,unsigned __int64,int,bool)" (?ChannelPut2@BufferedTransformation@CryptoPP@@UEAA_KAEBV?$basic_string@DU?$char_traits@D@std@@V?$allocator@D@2@@std@@PEBE_KH_N@Z)
ConsoleApplication1.obj : error LNK2001: unresolved external symbol "public: virtual unsigned char * __cdecl CryptoPP::BufferedTransformation::ChannelCreatePutSpace(class std::basic_string<char,struct std::char_traits<char>,class std::allocator<char> > const &,unsigned __int64 &)" (?ChannelCreatePutSpace@BufferedTransformation@CryptoPP@@UEAAPEAEAEBV?$basic_string@DU?$char_traits@D@std@@V?$allocator@D@2@@std@@AEA_K@Z)
ConsoleApplication1.obj : error LNK2001: unresolved external symbol "public: virtual void __cdecl CryptoPP::BufferedTransformation::SkipAll(void)" (?SkipAll@BufferedTransformation@CryptoPP@@UEAAXXZ)
ConsoleApplication1.obj : error LNK2001: unresolved external symbol "public: virtual unsigned int __cdecl CryptoPP::BufferedTransformation::SkipMessages(unsigned int)" (?SkipMessages@BufferedTransformation@CryptoPP@@UEAAII@Z)
ConsoleApplication1.obj : error LNK2001: unresolved external symbol "public: virtual bool __cdecl CryptoPP::BufferedTransformation::GetNextMessage(void)" (?GetNextMessage@BufferedTransformation@CryptoPP@@UEAA_NXZ)
ConsoleApplication1.obj : error LNK2001: unresolved external symbol "public: virtual bool __cdecl CryptoPP::BufferedTransformation::AnyMessages(void)const " (?AnyMessages@BufferedTransformation@CryptoPP@@UEBA_NXZ)
ConsoleApplication1.obj : error LNK2001: unresolved external symbol "public: virtual unsigned int __cdecl CryptoPP::BufferedTransformation::NumberOfMessages(void)const " (?NumberOfMessages@BufferedTransformation@CryptoPP@@UEBAIXZ)
ConsoleApplication1.obj : error LNK2001: unresolved external symbol "public: virtual unsigned __int64 __cdecl CryptoPP::BufferedTransformation::TotalBytesRetrievable(void)const " (?TotalBytesRetrievable@BufferedTransformation@CryptoPP@@UEBA_KXZ)
ConsoleApplication1.obj : error LNK2001: unresolved external symbol "public: virtual unsigned __int64 __cdecl CryptoPP::BufferedTransformation::Skip(unsigned __int64)" (?Skip@BufferedTransformation@CryptoPP@@UEAA_K_K@Z)
ConsoleApplication1.obj : error LNK2001: unresolved external symbol "public: virtual unsigned __int64 __cdecl CryptoPP::BufferedTransformation::Peek(unsigned char &)const " (?Peek@BufferedTransformation@CryptoPP@@UEBA_KAEAE@Z)
ConsoleApplication1.obj : error LNK2001: unresolved external symbol "public: virtual unsigned __int64 __cdecl CryptoPP::BufferedTransformation::Peek(unsigned char *,unsigned __int64)const " (?Peek@BufferedTransformation@CryptoPP@@UEBA_KPEAE_K@Z)
ConsoleApplication1.obj : error LNK2001: unresolved external symbol "public: virtual unsigned __int64 __cdecl CryptoPP::BufferedTransformation::Get(unsigned char &)" (?Get@BufferedTransformation@CryptoPP@@UEAA_KAEAE@Z)
ConsoleApplication1.obj : error LNK2001: unresolved external symbol "public: virtual unsigned __int64 __cdecl CryptoPP::BufferedTransformation::Get(unsigned char *,unsigned __int64)" (?Get@BufferedTransformation@CryptoPP@@UEAA_KPEAE_K@Z)
ConsoleApplication1.obj : error LNK2001: unresolved external symbol "public: virtual bool __cdecl CryptoPP::BufferedTransformation::AnyRetrievable(void)const " (?AnyRetrievable@BufferedTransformation@CryptoPP@@UEBA_NXZ)
ConsoleApplication1.obj : error LNK2001: unresolved external symbol "public: virtual unsigned __int64 __cdecl CryptoPP::BufferedTransformation::MaxRetrievable(void)const " (?MaxRetrievable@BufferedTransformation@CryptoPP@@UEBA_KXZ)
ConsoleApplication1.obj : error LNK2001: unresolved external symbol "public: virtual bool __cdecl CryptoPP::BufferedTransformation::MessageSeriesEnd(int,bool)" (?MessageSeriesEnd@BufferedTransformation@CryptoPP@@UEAA_NH_N@Z)
ConsoleApplication1.obj : error LNK2001: unresolved external symbol "public: virtual bool __cdecl CryptoPP::BufferedTransformation::Flush(bool,int,bool)" (?Flush@BufferedTransformation@CryptoPP@@UEAA_N_NH0@Z)
ConsoleApplication1.obj : error LNK2001: unresolved external symbol "public: virtual void __cdecl CryptoPP::BufferedTransformation::Initialize(class CryptoPP::NameValuePairs const &,int)" (?Initialize@BufferedTransformation@CryptoPP@@UEAAXAEBVNameValuePairs@2@H@Z)
ConsoleApplication1.obj : error LNK2001: unresolved external symbol "public: virtual void __cdecl CryptoPP::BufferedTransformation::GetWaitObjects(class CryptoPP::WaitObjectContainer &,class CryptoPP::CallStack const &)" (?GetWaitObjects@BufferedTransformation@CryptoPP@@UEAAXAEAVWaitObjectContainer@2@AEBVCallStack@2@@Z)
ConsoleApplication1.obj : error LNK2001: unresolved external symbol "public: virtual unsigned int __cdecl CryptoPP::BufferedTransformation::GetMaxWaitObjectCount(void)const " (?GetMaxWaitObjectCount@BufferedTransformation@CryptoPP@@UEBAIXZ)
ConsoleApplication1.obj : error LNK2001: unresolved external symbol "void __cdecl CryptoPP::UnalignedDeallocate(void *)" (?UnalignedDeallocate@CryptoPP@@YAXPEAX@Z)
ConsoleApplication1.obj : error LNK2001: unresolved external symbol "public: virtual unsigned __int64 __cdecl CryptoPP::BaseN_Encoder::Put2(unsigned char const *,unsigned __int64,int,bool)" (?Put2@BaseN_Encoder@CryptoPP@@UEAA_KPEBE_KH_N@Z)
ConsoleApplication1.obj : error LNK2001: unresolved external symbol "public: virtual void __cdecl CryptoPP::BaseN_Encoder::IsolatedInitialize(class CryptoPP::NameValuePairs const &)" (?IsolatedInitialize@BaseN_Encoder@CryptoPP@@UEAAXAEBVNameValuePairs@2@@Z)
ConsoleApplication1.obj : error LNK2001: unresolved external symbol "public: virtual void __cdecl CryptoPP::X509PublicKey::DEREncode(class CryptoPP::BufferedTransformation &)const " (?DEREncode@X509PublicKey@CryptoPP@@UEBAXAEAVBufferedTransformation@2@@Z)
ConsoleApplication1.obj : error LNK2001: unresolved external symbol "public: virtual void __cdecl CryptoPP::X509PublicKey::BERDecode(class CryptoPP::BufferedTransformation &)" (?BERDecode@X509PublicKey@CryptoPP@@UEAAXAEAVBufferedTransformation@2@@Z)
ConsoleApplication1.obj : error LNK2001: unresolved external symbol "public: virtual void __cdecl CryptoPP::InvertibleRSAFunction::AssignFrom(class CryptoPP::NameValuePairs const &)" (?AssignFrom@InvertibleRSAFunction@CryptoPP@@UEAAXAEBVNameValuePairs@2@@Z)
ConsoleApplication1.obj : error LNK2001: unresolved external symbol "public: virtual bool __cdecl CryptoPP::InvertibleRSAFunction::GetVoidValue(char const *,class type_info const &,void *)const " (?GetVoidValue@InvertibleRSAFunction@CryptoPP@@UEBA_NPEBDAEBVtype_info@@PEAX@Z)
ConsoleApplication1.obj : error LNK2001: unresolved external symbol "public: virtual void __cdecl CryptoPP::InvertibleRSAFunction::GenerateRandom(class CryptoPP::RandomNumberGenerator &,class CryptoPP::NameValuePairs const &)" (?GenerateRandom@InvertibleRSAFunction@CryptoPP@@UEAAXAEAVRandomNumberGenerator@2@AEBVNameValuePairs@2@@Z)
ConsoleApplication1.obj : error LNK2001: unresolved external symbol "public: virtual bool __cdecl CryptoPP::InvertibleRSAFunction::Validate(class CryptoPP::RandomNumberGenerator &,unsigned int)const " (?Validate@InvertibleRSAFunction@CryptoPP@@UEBA_NAEAVRandomNumberGenerator@2@I@Z)
ConsoleApplication1.obj : error LNK2001: unresolved external symbol "public: virtual class CryptoPP::Integer __cdecl CryptoPP::InvertibleRSAFunction::CalculateInverse(class CryptoPP::RandomNumberGenerator &,class CryptoPP::Integer const &)const " (?CalculateInverse@InvertibleRSAFunction@CryptoPP@@UEBA?AVInteger@2@AEAVRandomNumberGenerator@2@AEBV32@@Z)
ConsoleApplication1.obj : error LNK2001: unresolved external symbol "public: virtual void __cdecl CryptoPP::InvertibleRSAFunction::DEREncodePrivateKey(class CryptoPP::BufferedTransformation &)const " (?DEREncodePrivateKey@InvertibleRSAFunction@CryptoPP@@UEBAXAEAVBufferedTransformation@2@@Z)
ConsoleApplication1.obj : error LNK2001: unresolved external symbol "public: virtual void __cdecl CryptoPP::InvertibleRSAFunction::BERDecodePrivateKey(class CryptoPP::BufferedTransformation &,bool,unsigned __int64)" (?BERDecodePrivateKey@InvertibleRSAFunction@CryptoPP@@UEAAXAEAVBufferedTransformation@2@_N_K@Z)
ConsoleApplication1.obj : error LNK2001: unresolved external symbol "public: void __cdecl CryptoPP::InvertibleRSAFunction::Initialize(class CryptoPP::RandomNumberGenerator &,unsigned int,class CryptoPP::Integer const &)" (?Initialize@InvertibleRSAFunction@CryptoPP@@QEAAXAEAVRandomNumberGenerator@2@IAEBVInteger@2@@Z)
ConsoleApplication1.obj : error LNK2001: unresolved external symbol "public: virtual __cdecl CryptoPP::ByteQueue::~ByteQueue(void)" (??1ByteQueue@CryptoPP@@UEAA@XZ)
ConsoleApplication1.obj : error LNK2001: unresolved external symbol "public: __cdecl CryptoPP::ByteQueue::ByteQueue(unsigned __int64)" (??0ByteQueue@CryptoPP@@QEAA@_K@Z)
ConsoleApplication1.obj : error LNK2001: unresolved external symbol "void * __cdecl CryptoPP::AlignedAllocate(unsigned __int64)" (?AlignedAllocate@CryptoPP@@YAPEAX_K@Z)
ConsoleApplication1.obj : error LNK2001: unresolved external symbol "void * __cdecl CryptoPP::UnalignedAllocate(unsigned __int64)" (?UnalignedAllocate@CryptoPP@@YAPEAX_K@Z)
ConsoleApplication1.obj : error LNK2001: unresolved external symbol "bool __cdecl CryptoPP::AssignIntToInteger(class type_info const &,void *,void const *)" (?AssignIntToInteger@CryptoPP@@YA_NAEBVtype_info@@PEAXPEBX@Z)
ConsoleApplication1.obj : error LNK2001: unresolved external symbol "protected: unsigned __int64 __cdecl CryptoPP::FilterWithBufferedInput::PutMaybeModifiable(unsigned char *,unsigned __int64,int,bool,bool)" (?PutMaybeModifiable@FilterWithBufferedInput@CryptoPP@@IEAA_KPEAE_KH_N2@Z)
ConsoleApplication1.obj : error LNK2001: unresolved external symbol "protected: virtual void __cdecl CryptoPP::FilterWithBufferedInput::NextPutMultiple(unsigned char const *,unsigned __int64)" (?NextPutMultiple@FilterWithBufferedInput@CryptoPP@@MEAAXPEBE_K@Z)
ConsoleApplication1.obj : error LNK2001: unresolved external symbol "public: virtual bool __cdecl CryptoPP::FilterWithBufferedInput::IsolatedFlush(bool,bool)" (?IsolatedFlush@FilterWithBufferedInput@CryptoPP@@UEAA_N_N0@Z)
ConsoleApplication1.obj : error LNK2001: unresolved external symbol "public: virtual void __cdecl CryptoPP::FilterWithBufferedInput::IsolatedInitialize(class CryptoPP::NameValuePairs const &)" (?IsolatedInitialize@FilterWithBufferedInput@CryptoPP@@UEAAXAEBVNameValuePairs@2@@Z)
ConsoleApplication1.obj : error LNK2001: unresolved external symbol "void __cdecl CryptoPP::AlignedDeallocate(void *)" (?AlignedDeallocate@CryptoPP@@YAXPEAX@Z)
ConsoleApplication1.obj : error LNK2001: unresolved external symbol "protected: virtual class CryptoPP::BufferedTransformation * __cdecl CryptoPP::Filter::NewDefaultAttachment(void)const " (?NewDefaultAttachment@Filter@CryptoPP@@MEBAPEAVBufferedTransformation@2@XZ)
ConsoleApplication1.obj : error LNK2001: unresolved external symbol "public: virtual bool __cdecl CryptoPP::Filter::MessageSeriesEnd(int,bool)" (?MessageSeriesEnd@Filter@CryptoPP@@UEAA_NH_N@Z)
ConsoleApplication1.obj : error LNK2001: unresolved external symbol "public: virtual bool __cdecl CryptoPP::Filter::Flush(bool,int,bool)" (?Flush@Filter@CryptoPP@@UEAA_N_NH0@Z)
ConsoleApplication1.obj : error LNK2001: unresolved external symbol "public: virtual void __cdecl CryptoPP::Filter::Initialize(class CryptoPP::NameValuePairs const &,int)" (?Initialize@Filter@CryptoPP@@UEAAXAEBVNameValuePairs@2@H@Z)
ConsoleApplication1.obj : error LNK2001: unresolved external symbol "public: virtual unsigned __int64 __cdecl CryptoPP::Filter::CopyRangeTo2(class CryptoPP::BufferedTransformation &,unsigned __int64 &,unsigned __int64,class std::basic_string<char,struct std::char_traits<char>,class std::allocator<char> > const &,bool)const " (?CopyRangeTo2@Filter@CryptoPP@@UEBA_KAEAVBufferedTransformation@2@AEA_K_KAEBV?$basic_string@DU?$char_traits@D@std@@V?$allocator@D@2@@std@@_N@Z)
ConsoleApplication1.obj : error LNK2001: unresolved external symbol "public: virtual unsigned __int64 __cdecl CryptoPP::Filter::TransferTo2(class CryptoPP::BufferedTransformation &,unsigned __int64 &,class std::basic_string<char,struct std::char_traits<char>,class std::allocator<char> > const &,bool)" (?TransferTo2@Filter@CryptoPP@@UEAA_KAEAVBufferedTransformation@2@AEA_KAEBV?$basic_string@DU?$char_traits@D@std@@V?$allocator@D@2@@std@@_N@Z)
ConsoleApplication1.obj : error LNK2001: unresolved external symbol "public: virtual void __cdecl CryptoPP::Filter::Detach(class CryptoPP::BufferedTransformation *)" (?Detach@Filter@CryptoPP@@UEAAXPEAVBufferedTransformation@2@@Z)
ConsoleApplication1.obj : error LNK2001: unresolved external symbol "public: virtual class CryptoPP::BufferedTransformation * __cdecl CryptoPP::Filter::AttachedTransformation(void)" (?AttachedTransformation@Filter@CryptoPP@@UEAAPEAVBufferedTransformation@2@XZ)
ConsoleApplication1.obj : error LNK2001: unresolved external symbol "public: virtual class CryptoPP::BufferedTransformation const * __cdecl CryptoPP::Filter::AttachedTransformation(void)const " (?AttachedTransformation@Filter@CryptoPP@@UEBAPEBVBufferedTransformation@2@XZ)
ConsoleApplication1.obj : error LNK2001: unresolved external symbol "public: __cdecl CryptoPP::Filter::Filter(class CryptoPP::BufferedTransformation *)" (??0Filter@CryptoPP@@QEAA@PEAVBufferedTransformation@1@@Z)
ConsoleApplication1.obj : error LNK2001: unresolved external symbol "public: virtual void __cdecl CryptoPP::ProxyFilter::NextPutModifiable(unsigned char *,unsigned __int64)" (?NextPutModifiable@ProxyFilter@CryptoPP@@UEAAXPEAE_K@Z)
ConsoleApplication1.obj : error LNK2001: unresolved external symbol "public: virtual void __cdecl CryptoPP::ProxyFilter::NextPutMultiple(unsigned char const *,unsigned __int64)" (?NextPutMultiple@ProxyFilter@CryptoPP@@UEAAXPEBE_K@Z)
ConsoleApplication1.obj : error LNK2001: unresolved external symbol "public: virtual bool __cdecl CryptoPP::ProxyFilter::IsolatedFlush(bool,bool)" (?IsolatedFlush@ProxyFilter@CryptoPP@@UEAA_N_N0@Z)
ConsoleApplication1.obj : error LNK2001: unresolved external symbol "public: __cdecl CryptoPP::ProxyFilter::ProxyFilter(class CryptoPP::BufferedTransformation *,unsigned __int64,unsigned __int64,class CryptoPP::BufferedTransformation *)" (??0ProxyFilter@CryptoPP@@QEAA@PEAVBufferedTransformation@1@_K10@Z)
ConsoleApplication1.obj : error LNK2001: unresolved external symbol "public: virtual unsigned __int64 __cdecl CryptoPP::Grouper::Put2(unsigned char const *,unsigned __int64,int,bool)" (?Put2@Grouper@CryptoPP@@UEAA_KPEBE_KH_N@Z)
ConsoleApplication1.obj : error LNK2001: unresolved external symbol "public: virtual void __cdecl CryptoPP::Grouper::IsolatedInitialize(class CryptoPP::NameValuePairs const &)" (?IsolatedInitialize@Grouper@CryptoPP@@UEAAXAEBVNameValuePairs@2@@Z)
ConsoleApplication1.obj : error LNK2001: unresolved external symbol "public: virtual void __cdecl CryptoPP::RandomPool::GenerateIntoBufferedTransformation(class CryptoPP::BufferedTransformation &,class std::basic_string<char,struct std::char_traits<char>,class std::allocator<char> > const &,unsigned __int64)" (?GenerateIntoBufferedTransformation@RandomPool@CryptoPP@@UEAAXAEAVBufferedTransformation@2@AEBV?$basic_string@DU?$char_traits@D@std@@V?$allocator@D@2@@std@@_K@Z)
ConsoleApplication1.obj : error LNK2001: unresolved external symbol "public: virtual void __cdecl CryptoPP::RandomPool::IncorporateEntropy(unsigned char const *,unsigned __int64)" (?IncorporateEntropy@RandomPool@CryptoPP@@UEAAXPEBE_K@Z)
ConsoleApplication1.obj : error LNK2001: unresolved external symbol "public: __cdecl CryptoPP::RandomPool::RandomPool(void)" (??0RandomPool@CryptoPP@@QEAA@XZ)
ConsoleApplication1.obj : error LNK2001: unresolved external symbol "public: virtual bool __cdecl CryptoPP::FileSink::IsolatedFlush(bool,bool)" (?IsolatedFlush@FileSink@CryptoPP@@UEAA_N_N0@Z)
ConsoleApplication1.obj : error LNK2001: unresolved external symbol "public: virtual unsigned __int64 __cdecl CryptoPP::FileSink::Put2(unsigned char const *,unsigned __int64,int,bool)" (?Put2@FileSink@CryptoPP@@UEAA_KPEBE_KH_N@Z)
ConsoleApplication1.obj : error LNK2001: unresolved external symbol "public: virtual void __cdecl CryptoPP::FileSink::IsolatedInitialize(class CryptoPP::NameValuePairs const &)" (?IsolatedInitialize@FileSink@CryptoPP@@UEAAXAEBVNameValuePairs@2@@Z)
ConsoleApplication1.obj : error LNK2001: unresolved external symbol "class std::basic_string<char,struct std::char_traits<char>,class std::allocator<char> > const CryptoPP::DEFAULT_CHANNEL" (?DEFAULT_CHANNEL@CryptoPP@@3V?$basic_string@DU?$char_traits@D@std@@V?$allocator@D@2@@std@@B)
C:\Users\Devante Ayris\source\repos\ConsoleApplication1\x64\Release\ConsoleApplication1.exe : fatal error LNK1120: 98 unresolved externals
