c:\users\devante ayris\source\repos\consoleapplication1\consoleapplication1\crypto++\x64\cryptlib\release\cryptlib.pch
c:\users\devante ayris\source\repos\consoleapplication1\consoleapplication1\crypto++\x64\cryptlib\release\cryptlib.pdb
c:\users\devante ayris\source\repos\consoleapplication1\consoleapplication1\crypto++\x64\cryptlib\release\pch.obj
c:\users\devante ayris\source\repos\consoleapplication1\consoleapplication1\crypto++\x64\cryptlib\release\blake2b_simd.obj
c:\users\devante ayris\source\repos\consoleapplication1\consoleapplication1\crypto++\x64\cryptlib\release\blake2s_simd.obj
c:\users\devante ayris\source\repos\consoleapplication1\consoleapplication1\crypto++\x64\cryptlib\release\blake2.obj
c:\users\devante ayris\source\repos\consoleapplication1\consoleapplication1\crypto++\x64\cryptlib\release\bfinit.obj
c:\users\devante ayris\source\repos\consoleapplication1\consoleapplication1\crypto++\x64\cryptlib\release\basecode.obj
c:\users\devante ayris\source\repos\consoleapplication1\consoleapplication1\crypto++\x64\cryptlib\release\base64.obj
c:\users\devante ayris\source\repos\consoleapplication1\consoleapplication1\crypto++\x64\cryptlib\release\base32.obj
c:\users\devante ayris\source\repos\consoleapplication1\consoleapplication1\crypto++\x64\cryptlib\release\authenc.obj
c:\users\devante ayris\source\repos\consoleapplication1\consoleapplication1\crypto++\x64\cryptlib\release\asn.obj
c:\users\devante ayris\source\repos\consoleapplication1\consoleapplication1\crypto++\x64\cryptlib\release\ariatab.obj
c:\users\devante ayris\source\repos\consoleapplication1\consoleapplication1\crypto++\x64\cryptlib\release\aria_simd.obj
c:\users\devante ayris\source\repos\consoleapplication1\consoleapplication1\crypto++\x64\cryptlib\release\aria.obj
c:\users\devante ayris\source\repos\consoleapplication1\consoleapplication1\crypto++\x64\cryptlib\release\arc4.obj
c:\users\devante ayris\source\repos\consoleapplication1\consoleapplication1\crypto++\x64\cryptlib\release\algparam.obj
c:\users\devante ayris\source\repos\consoleapplication1\consoleapplication1\crypto++\x64\cryptlib\release\algebra.obj
c:\users\devante ayris\source\repos\consoleapplication1\consoleapplication1\crypto++\x64\cryptlib\release\adler32.obj
c:\users\devante ayris\source\repos\consoleapplication1\consoleapplication1\crypto++\x64\cryptlib\release\3way.obj
c:\users\devante ayris\source\repos\consoleapplication1\consoleapplication1\crypto++\x64\cryptlib\release\integer.obj
c:\users\devante ayris\source\repos\consoleapplication1\consoleapplication1\crypto++\x64\cryptlib\release\cpu.obj
c:\users\devante ayris\source\repos\consoleapplication1\consoleapplication1\crypto++\x64\cryptlib\release\cryptlib.obj
c:\users\devante ayris\source\repos\consoleapplication1\consoleapplication1\crypto++\x64\cryptlib\release\dessp.obj
c:\users\devante ayris\source\repos\consoleapplication1\consoleapplication1\crypto++\x64\cryptlib\release\des.obj
c:\users\devante ayris\source\repos\consoleapplication1\consoleapplication1\crypto++\x64\cryptlib\release\default.obj
c:\users\devante ayris\source\repos\consoleapplication1\consoleapplication1\crypto++\x64\cryptlib\release\darn.obj
c:\users\devante ayris\source\repos\consoleapplication1\consoleapplication1\crypto++\x64\cryptlib\release\crc_simd.obj
c:\users\devante ayris\source\repos\consoleapplication1\consoleapplication1\crypto++\x64\cryptlib\release\crc.obj
c:\users\devante ayris\source\repos\consoleapplication1\consoleapplication1\crypto++\x64\cryptlib\release\cmac.obj
c:\users\devante ayris\source\repos\consoleapplication1\consoleapplication1\crypto++\x64\cryptlib\release\channels.obj
c:\users\devante ayris\source\repos\consoleapplication1\consoleapplication1\crypto++\x64\cryptlib\release\cham_simd.obj
c:\users\devante ayris\source\repos\consoleapplication1\consoleapplication1\crypto++\x64\cryptlib\release\cham.obj
c:\users\devante ayris\source\repos\consoleapplication1\consoleapplication1\crypto++\x64\cryptlib\release\chachapoly.obj
c:\users\devante ayris\source\repos\consoleapplication1\consoleapplication1\crypto++\x64\cryptlib\release\chacha_simd.obj
c:\users\devante ayris\source\repos\consoleapplication1\consoleapplication1\crypto++\x64\cryptlib\release\chacha.obj
c:\users\devante ayris\source\repos\consoleapplication1\consoleapplication1\crypto++\x64\cryptlib\release\ccm.obj
c:\users\devante ayris\source\repos\consoleapplication1\consoleapplication1\crypto++\x64\cryptlib\release\cbcmac.obj
c:\users\devante ayris\source\repos\consoleapplication1\consoleapplication1\crypto++\x64\cryptlib\release\casts.obj
c:\users\devante ayris\source\repos\consoleapplication1\consoleapplication1\crypto++\x64\cryptlib\release\cast.obj
c:\users\devante ayris\source\repos\consoleapplication1\consoleapplication1\crypto++\x64\cryptlib\release\camellia.obj
c:\users\devante ayris\source\repos\consoleapplication1\consoleapplication1\crypto++\x64\cryptlib\release\blumshub.obj
c:\users\devante ayris\source\repos\consoleapplication1\consoleapplication1\crypto++\x64\cryptlib\release\blowfish.obj
c:\users\devante ayris\source\repos\consoleapplication1\consoleapplication1\crypto++\x64\cryptlib\release\gf2_32.obj
c:\users\devante ayris\source\repos\consoleapplication1\consoleapplication1\crypto++\x64\cryptlib\release\gf256.obj
c:\users\devante ayris\source\repos\consoleapplication1\consoleapplication1\crypto++\x64\cryptlib\release\gcm_simd.obj
c:\users\devante ayris\source\repos\consoleapplication1\consoleapplication1\crypto++\x64\cryptlib\release\gcm.obj
c:\users\devante ayris\source\repos\consoleapplication1\consoleapplication1\crypto++\x64\cryptlib\release\fipstest.obj
c:\users\devante ayris\source\repos\consoleapplication1\consoleapplication1\crypto++\x64\cryptlib\release\fips140.obj
c:\users\devante ayris\source\repos\consoleapplication1\consoleapplication1\crypto++\x64\cryptlib\release\filters.obj
c:\users\devante ayris\source\repos\consoleapplication1\consoleapplication1\crypto++\x64\cryptlib\release\files.obj
c:\users\devante ayris\source\repos\consoleapplication1\consoleapplication1\crypto++\x64\cryptlib\release\esign.obj
c:\users\devante ayris\source\repos\consoleapplication1\consoleapplication1\crypto++\x64\cryptlib\release\emsa2.obj
c:\users\devante ayris\source\repos\consoleapplication1\consoleapplication1\crypto++\x64\cryptlib\release\elgamal.obj
c:\users\devante ayris\source\repos\consoleapplication1\consoleapplication1\crypto++\x64\cryptlib\release\ecp.obj
c:\users\devante ayris\source\repos\consoleapplication1\consoleapplication1\crypto++\x64\cryptlib\release\ec2n.obj
c:\users\devante ayris\source\repos\consoleapplication1\consoleapplication1\crypto++\x64\cryptlib\release\eax.obj
c:\users\devante ayris\source\repos\consoleapplication1\consoleapplication1\crypto++\x64\cryptlib\release\dsa.obj
c:\users\devante ayris\source\repos\consoleapplication1\consoleapplication1\crypto++\x64\cryptlib\release\donna_sse.obj
c:\users\devante ayris\source\repos\consoleapplication1\consoleapplication1\crypto++\x64\cryptlib\release\donna_64.obj
c:\users\devante ayris\source\repos\consoleapplication1\consoleapplication1\crypto++\x64\cryptlib\release\donna_32.obj
c:\users\devante ayris\source\repos\consoleapplication1\consoleapplication1\crypto++\x64\cryptlib\release\dh2.obj
c:\users\devante ayris\source\repos\consoleapplication1\consoleapplication1\crypto++\x64\cryptlib\release\dh.obj
c:\users\devante ayris\source\repos\consoleapplication1\consoleapplication1\crypto++\x64\cryptlib\release\lea_simd.obj
c:\users\devante ayris\source\repos\consoleapplication1\consoleapplication1\crypto++\x64\cryptlib\release\lea.obj
c:\users\devante ayris\source\repos\consoleapplication1\consoleapplication1\crypto++\x64\cryptlib\release\keccak_simd.obj
c:\users\devante ayris\source\repos\consoleapplication1\consoleapplication1\crypto++\x64\cryptlib\release\keccak_core.obj
c:\users\devante ayris\source\repos\consoleapplication1\consoleapplication1\crypto++\x64\cryptlib\release\keccak.obj
c:\users\devante ayris\source\repos\consoleapplication1\consoleapplication1\crypto++\x64\cryptlib\release\kalynatab.obj
c:\users\devante ayris\source\repos\consoleapplication1\consoleapplication1\crypto++\x64\cryptlib\release\kalyna.obj
c:\users\devante ayris\source\repos\consoleapplication1\consoleapplication1\crypto++\x64\cryptlib\release\idea.obj
c:\users\devante ayris\source\repos\consoleapplication1\consoleapplication1\crypto++\x64\cryptlib\release\ida.obj
c:\users\devante ayris\source\repos\consoleapplication1\consoleapplication1\crypto++\x64\cryptlib\release\hrtimer.obj
c:\users\devante ayris\source\repos\consoleapplication1\consoleapplication1\crypto++\x64\cryptlib\release\hmac.obj
c:\users\devante ayris\source\repos\consoleapplication1\consoleapplication1\crypto++\x64\cryptlib\release\hight.obj
c:\users\devante ayris\source\repos\consoleapplication1\consoleapplication1\crypto++\x64\cryptlib\release\hex.obj
c:\users\devante ayris\source\repos\consoleapplication1\consoleapplication1\crypto++\x64\cryptlib\release\hc256.obj
c:\users\devante ayris\source\repos\consoleapplication1\consoleapplication1\crypto++\x64\cryptlib\release\hc128.obj
c:\users\devante ayris\source\repos\consoleapplication1\consoleapplication1\crypto++\x64\cryptlib\release\gzip.obj
c:\users\devante ayris\source\repos\consoleapplication1\consoleapplication1\crypto++\x64\cryptlib\release\gost.obj
c:\users\devante ayris\source\repos\consoleapplication1\consoleapplication1\crypto++\x64\cryptlib\release\gfpcrypt.obj
c:\users\devante ayris\source\repos\consoleapplication1\consoleapplication1\crypto++\x64\cryptlib\release\gf2n_simd.obj
c:\users\devante ayris\source\repos\consoleapplication1\consoleapplication1\crypto++\x64\cryptlib\release\gf2n.obj
c:\users\devante ayris\source\repos\consoleapplication1\consoleapplication1\crypto++\x64\cryptlib\release\pubkey.obj
c:\users\devante ayris\source\repos\consoleapplication1\consoleapplication1\crypto++\x64\cryptlib\release\pssr.obj
c:\users\devante ayris\source\repos\consoleapplication1\consoleapplication1\crypto++\x64\cryptlib\release\polynomi.obj
c:\users\devante ayris\source\repos\consoleapplication1\consoleapplication1\crypto++\x64\cryptlib\release\poly1305.obj
c:\users\devante ayris\source\repos\consoleapplication1\consoleapplication1\crypto++\x64\cryptlib\release\pkcspad.obj
c:\users\devante ayris\source\repos\consoleapplication1\consoleapplication1\crypto++\x64\cryptlib\release\panama.obj
c:\users\devante ayris\source\repos\consoleapplication1\consoleapplication1\crypto++\x64\cryptlib\release\padlkrng.obj
c:\users\devante ayris\source\repos\consoleapplication1\consoleapplication1\crypto++\x64\cryptlib\release\osrng.obj
c:\users\devante ayris\source\repos\consoleapplication1\consoleapplication1\crypto++\x64\cryptlib\release\oaep.obj
c:\users\devante ayris\source\repos\consoleapplication1\consoleapplication1\crypto++\x64\cryptlib\release\nbtheory.obj
c:\users\devante ayris\source\repos\consoleapplication1\consoleapplication1\crypto++\x64\cryptlib\release\mqv.obj
c:\users\devante ayris\source\repos\consoleapplication1\consoleapplication1\crypto++\x64\cryptlib\release\mqueue.obj
c:\users\devante ayris\source\repos\consoleapplication1\consoleapplication1\crypto++\x64\cryptlib\release\modes.obj
c:\users\devante ayris\source\repos\consoleapplication1\consoleapplication1\crypto++\x64\cryptlib\release\misc.obj
c:\users\devante ayris\source\repos\consoleapplication1\consoleapplication1\crypto++\x64\cryptlib\release\md5.obj
c:\users\devante ayris\source\repos\consoleapplication1\consoleapplication1\crypto++\x64\cryptlib\release\md4.obj
c:\users\devante ayris\source\repos\consoleapplication1\consoleapplication1\crypto++\x64\cryptlib\release\md2.obj
c:\users\devante ayris\source\repos\consoleapplication1\consoleapplication1\crypto++\x64\cryptlib\release\marss.obj
c:\users\devante ayris\source\repos\consoleapplication1\consoleapplication1\crypto++\x64\cryptlib\release\mars.obj
c:\users\devante ayris\source\repos\consoleapplication1\consoleapplication1\crypto++\x64\cryptlib\release\luc.obj
c:\users\devante ayris\source\repos\consoleapplication1\consoleapplication1\crypto++\x64\cryptlib\release\seed.obj
c:\users\devante ayris\source\repos\consoleapplication1\consoleapplication1\crypto++\x64\cryptlib\release\seal.obj
c:\users\devante ayris\source\repos\consoleapplication1\consoleapplication1\crypto++\x64\cryptlib\release\scrypt.obj
c:\users\devante ayris\source\repos\consoleapplication1\consoleapplication1\crypto++\x64\cryptlib\release\salsa.obj
c:\users\devante ayris\source\repos\consoleapplication1\consoleapplication1\crypto++\x64\cryptlib\release\safer.obj
c:\users\devante ayris\source\repos\consoleapplication1\consoleapplication1\crypto++\x64\cryptlib\release\rw.obj
c:\users\devante ayris\source\repos\consoleapplication1\consoleapplication1\crypto++\x64\cryptlib\release\rsa.obj
c:\users\devante ayris\source\repos\consoleapplication1\consoleapplication1\crypto++\x64\cryptlib\release\rng.obj
c:\users\devante ayris\source\repos\consoleapplication1\consoleapplication1\crypto++\x64\cryptlib\release\ripemd.obj
c:\users\devante ayris\source\repos\consoleapplication1\consoleapplication1\crypto++\x64\cryptlib\release\rijndael_simd.obj
c:\users\devante ayris\source\repos\consoleapplication1\consoleapplication1\crypto++\x64\cryptlib\release\rijndael.obj
c:\users\devante ayris\source\repos\consoleapplication1\consoleapplication1\crypto++\x64\cryptlib\release\rdtables.obj
c:\users\devante ayris\source\repos\consoleapplication1\consoleapplication1\crypto++\x64\cryptlib\release\rdrand.obj
c:\users\devante ayris\source\repos\consoleapplication1\consoleapplication1\crypto++\x64\cryptlib\release\rc6.obj
c:\users\devante ayris\source\repos\consoleapplication1\consoleapplication1\crypto++\x64\cryptlib\release\rc5.obj
c:\users\devante ayris\source\repos\consoleapplication1\consoleapplication1\crypto++\x64\cryptlib\release\rc2.obj
c:\users\devante ayris\source\repos\consoleapplication1\consoleapplication1\crypto++\x64\cryptlib\release\rabbit.obj
c:\users\devante ayris\source\repos\consoleapplication1\consoleapplication1\crypto++\x64\cryptlib\release\randpool.obj
c:\users\devante ayris\source\repos\consoleapplication1\consoleapplication1\crypto++\x64\cryptlib\release\rabin.obj
c:\users\devante ayris\source\repos\consoleapplication1\consoleapplication1\crypto++\x64\cryptlib\release\queue.obj
c:\users\devante ayris\source\repos\consoleapplication1\consoleapplication1\crypto++\x64\cryptlib\release\sosemanuk.obj
c:\users\devante ayris\source\repos\consoleapplication1\consoleapplication1\crypto++\x64\cryptlib\release\sm4_simd.obj
c:\users\devante ayris\source\repos\consoleapplication1\consoleapplication1\crypto++\x64\cryptlib\release\sm4.obj
c:\users\devante ayris\source\repos\consoleapplication1\consoleapplication1\crypto++\x64\cryptlib\release\sm3.obj
c:\users\devante ayris\source\repos\consoleapplication1\consoleapplication1\crypto++\x64\cryptlib\release\skipjack.obj
c:\users\devante ayris\source\repos\consoleapplication1\consoleapplication1\crypto++\x64\cryptlib\release\simple.obj
c:\users\devante ayris\source\repos\consoleapplication1\consoleapplication1\crypto++\x64\cryptlib\release\simon128_simd.obj
c:\users\devante ayris\source\repos\consoleapplication1\consoleapplication1\crypto++\x64\cryptlib\release\simon64_simd.obj
c:\users\devante ayris\source\repos\consoleapplication1\consoleapplication1\crypto++\x64\cryptlib\release\simon.obj
c:\users\devante ayris\source\repos\consoleapplication1\consoleapplication1\crypto++\x64\cryptlib\release\simeck_simd.obj
c:\users\devante ayris\source\repos\consoleapplication1\consoleapplication1\crypto++\x64\cryptlib\release\simeck.obj
c:\users\devante ayris\source\repos\consoleapplication1\consoleapplication1\crypto++\x64\cryptlib\release\sharkbox.obj
c:\users\devante ayris\source\repos\consoleapplication1\consoleapplication1\crypto++\x64\cryptlib\release\shark.obj
c:\users\devante ayris\source\repos\consoleapplication1\consoleapplication1\crypto++\x64\cryptlib\release\shake.obj
c:\users\devante ayris\source\repos\consoleapplication1\consoleapplication1\crypto++\x64\cryptlib\release\shacal2_simd.obj
c:\users\devante ayris\source\repos\consoleapplication1\consoleapplication1\crypto++\x64\cryptlib\release\shacal2.obj
c:\users\devante ayris\source\repos\consoleapplication1\consoleapplication1\crypto++\x64\cryptlib\release\sha3.obj
c:\users\devante ayris\source\repos\consoleapplication1\consoleapplication1\crypto++\x64\cryptlib\release\sha_simd.obj
c:\users\devante ayris\source\repos\consoleapplication1\consoleapplication1\crypto++\x64\cryptlib\release\sha.obj
c:\users\devante ayris\source\repos\consoleapplication1\consoleapplication1\crypto++\x64\cryptlib\release\serpent.obj
c:\users\devante ayris\source\repos\consoleapplication1\consoleapplication1\crypto++\x64\cryptlib\release\xtr.obj
c:\users\devante ayris\source\repos\consoleapplication1\consoleapplication1\crypto++\x64\cryptlib\release\xed25519.obj
c:\users\devante ayris\source\repos\consoleapplication1\consoleapplication1\crypto++\x64\cryptlib\release\whrlpool.obj
c:\users\devante ayris\source\repos\consoleapplication1\consoleapplication1\crypto++\x64\cryptlib\release\wake.obj
c:\users\devante ayris\source\repos\consoleapplication1\consoleapplication1\crypto++\x64\cryptlib\release\vmac.obj
c:\users\devante ayris\source\repos\consoleapplication1\consoleapplication1\crypto++\x64\cryptlib\release\twofish.obj
c:\users\devante ayris\source\repos\consoleapplication1\consoleapplication1\crypto++\x64\cryptlib\release\tweetnacl.obj
c:\users\devante ayris\source\repos\consoleapplication1\consoleapplication1\crypto++\x64\cryptlib\release\ttmac.obj
c:\users\devante ayris\source\repos\consoleapplication1\consoleapplication1\crypto++\x64\cryptlib\release\tigertab.obj
c:\users\devante ayris\source\repos\consoleapplication1\consoleapplication1\crypto++\x64\cryptlib\release\tiger.obj
c:\users\devante ayris\source\repos\consoleapplication1\consoleapplication1\crypto++\x64\cryptlib\release\threefish.obj
c:\users\devante ayris\source\repos\consoleapplication1\consoleapplication1\crypto++\x64\cryptlib\release\tftables.obj
c:\users\devante ayris\source\repos\consoleapplication1\consoleapplication1\crypto++\x64\cryptlib\release\tea.obj
c:\users\devante ayris\source\repos\consoleapplication1\consoleapplication1\crypto++\x64\cryptlib\release\strciphr.obj
c:\users\devante ayris\source\repos\consoleapplication1\consoleapplication1\crypto++\x64\cryptlib\release\sse_simd.obj
c:\users\devante ayris\source\repos\consoleapplication1\consoleapplication1\crypto++\x64\cryptlib\release\squaretb.obj
c:\users\devante ayris\source\repos\consoleapplication1\consoleapplication1\crypto++\x64\cryptlib\release\square.obj
c:\users\devante ayris\source\repos\consoleapplication1\consoleapplication1\crypto++\x64\cryptlib\release\speck128_simd.obj
c:\users\devante ayris\source\repos\consoleapplication1\consoleapplication1\crypto++\x64\cryptlib\release\speck64_simd.obj
c:\users\devante ayris\source\repos\consoleapplication1\consoleapplication1\crypto++\x64\cryptlib\release\speck.obj
c:\users\devante ayris\source\repos\consoleapplication1\consoleapplication1\crypto++\x64\cryptlib\release\zlib.obj
c:\users\devante ayris\source\repos\consoleapplication1\consoleapplication1\crypto++\x64\cryptlib\release\zinflate.obj
c:\users\devante ayris\source\repos\consoleapplication1\consoleapplication1\crypto++\x64\cryptlib\release\zdeflate.obj
c:\users\devante ayris\source\repos\consoleapplication1\consoleapplication1\crypto++\x64\cryptlib\release\xtrcrypt.obj
c:\users\devante ayris\source\repos\consoleapplication1\consoleapplication1\crypto++\x64\cryptlib\release\chacha_avx.obj
c:\users\devante ayris\source\repos\consoleapplication1\consoleapplication1\crypto++\x64\cryptlib\release\iterhash.obj
c:\users\devante ayris\source\repos\consoleapplication1\consoleapplication1\crypto++\x64\cryptlib\release\dll.obj
c:\users\devante ayris\source\repos\consoleapplication1\consoleapplication1\crypto++\adhoc.cpp.copied
c:\users\devante ayris\source\repos\consoleapplication1\consoleapplication1\crypto++\x64\cryptlib\release\rdrand-x64.obj
c:\users\devante ayris\source\repos\consoleapplication1\consoleapplication1\crypto++\x64\cryptlib\release\x64dll.obj
c:\users\devante ayris\source\repos\consoleapplication1\consoleapplication1\crypto++\x64\cryptlib\release\x64masm.obj
c:\users\devante ayris\source\repos\consoleapplication1\consoleapplication1\crypto++\x64\output\release\cryptlib.lib
c:\users\devante ayris\source\repos\consoleapplication1\consoleapplication1\crypto++\x64\cryptlib\release\cryptlib.tlog\cl.command.1.tlog
c:\users\devante ayris\source\repos\consoleapplication1\consoleapplication1\crypto++\x64\cryptlib\release\cryptlib.tlog\cl.read.1.tlog
c:\users\devante ayris\source\repos\consoleapplication1\consoleapplication1\crypto++\x64\cryptlib\release\cryptlib.tlog\cl.write.1.tlog
c:\users\devante ayris\source\repos\consoleapplication1\consoleapplication1\crypto++\x64\cryptlib\release\cryptlib.tlog\custombuild.command.1.tlog
c:\users\devante ayris\source\repos\consoleapplication1\consoleapplication1\crypto++\x64\cryptlib\release\cryptlib.tlog\custombuild.read.1.tlog
c:\users\devante ayris\source\repos\consoleapplication1\consoleapplication1\crypto++\x64\cryptlib\release\cryptlib.tlog\custombuild.write.1.tlog
c:\users\devante ayris\source\repos\consoleapplication1\consoleapplication1\crypto++\x64\cryptlib\release\cryptlib.tlog\lib-link.read.1.tlog
c:\users\devante ayris\source\repos\consoleapplication1\consoleapplication1\crypto++\x64\cryptlib\release\cryptlib.tlog\lib-link.write.1.tlog
c:\users\devante ayris\source\repos\consoleapplication1\consoleapplication1\crypto++\x64\cryptlib\release\cryptlib.tlog\lib.command.1.tlog
